0 info it worked if it ends with ok
1 verbose cli [ '/usr/local/bin/node',
1 verbose cli   '/usr/local/bin/npm',
1 verbose cli   'isntall',
1 verbose cli   '--save',
1 verbose cli   'koa-static' ]
2 info using npm@2.0.0
3 info using node@v0.11.14
4 verbose stack Error: Cannot find module '/usr/local/lib/node_modules/npm/lib/isntall.js'
4 verbose stack     at Function.Module._resolveFilename (module.js:336:15)
4 verbose stack     at Function.Module._load (module.js:278:25)
4 verbose stack     at Module.require (module.js:365:17)
4 verbose stack     at require (module.js:384:17)
4 verbose stack     at Object.defineProperty.get (/usr/local/lib/node_modules/npm/lib/npm.js:188:15)
4 verbose stack     at EventEmitter.<anonymous> (/usr/local/lib/node_modules/npm/bin/npm-cli.js:73:15)
4 verbose stack     at process._tickCallback (node.js:372:11)
5 verbose cwd /Users/JohnGainfort/Dropbox/koa_tutorial
6 error Darwin 14.0.0
7 error argv "/usr/local/bin/node" "/usr/local/bin/npm" "isntall" "--save" "koa-static"
8 error node v0.11.14
9 error npm  v2.0.0
10 error code MODULE_NOT_FOUND
11 error Cannot find module '/usr/local/lib/node_modules/npm/lib/isntall.js'
12 error If you need help, you may report this error at:
12 error     <http://github.com/npm/npm/issues>
13 verbose exit [ 1, true ]
